<?xml version="1.0" encoding="utf-8"?><testsuites name="pytest tests"><testsuite name="pytest" errors="0" failures="0" skipped="0" tests="138" time="18.491" timestamp="2026-06-07T15:12:12.468723+00:00" hostname="agent-env-5274ec74-2efe-4535-b788-99802b0722de"><testcase classname="tests.backend_test.TestHealth" name="test_root" time="0.166" /><testcase classname="tests.backend_test.TestAuth" name="test_login_success_sets_cookies" time="0.397" /><testcase classname="tests.backend_test.TestAuth" name="test_login_wrong_password" time="0.440" /><testcase classname="tests.backend_test.TestAuth" name="test_me_no_token" time="0.155" /><testcase classname="tests.backend_test.TestAuth" name="test_me_with_cookie" time="0.427" /><testcase classname="tests.backend_test.TestAuth" name="test_register_and_me" time="0.451" /><testcase classname="tests.backend_test.TestAuth" name="test_refresh" time="0.443" /><testcase classname="tests.backend_test.TestAuth" name="test_logout_clears_cookies" time="0.523" /><testcase classname="tests.backend_test.TestEvents" name="test_unauth" time="0.117" /><testcase classname="tests.backend_test.TestEvents" name="test_event_types" time="0.122" /><testcase classname="tests.backend_test.TestEvents" name="test_list_events_full_shape" time="0.053" /><testcase classname="tests.backend_test.TestEvents" name="test_filter_severity_critical" time="0.055" /><testcase classname="tests.backend_test.TestEvents" name="test_filter_event_type_logging" time="0.053" /><testcase classname="tests.backend_test.TestEvents" name="test_filter_country_brazil" time="0.055" /><testcase classname="tests.backend_test.TestEvents" name="test_filter_status_open" time="0.052" /><testcase classname="tests.backend_test.TestEvents" name="test_stats" time="0.056" /><testcase classname="tests.backend_test.TestEvents" name="test_create_get_update_delete_event" time="0.358" /><testcase classname="tests.backend_test.TestEvents" name="test_get_event_404" time="0.048" /><testcase classname="tests.backend_test.TestEvents" name="test_create_invalid_event_type" time="0.065" /><testcase classname="tests.backend_test.TestNotifications" name="test_unauth" time="0.122" /><testcase classname="tests.backend_test.TestNotifications" name="test_list_for_user" time="0.049" /><testcase classname="tests.backend_test.TestNotifications" name="test_mark_read_unknown_404" time="0.052" /><testcase classname="tests.backend_test.TestLegacyAlerts" name="test_list_alerts_unauth" time="0.122" /><testcase classname="tests.backend_test.TestLegacyAlerts" name="test_list_alerts_legacy_shape" time="0.053" /><testcase classname="tests.backend_test.TestLegacyAlerts" name="test_alerts_filter_high" time="0.058" /><testcase classname="tests.backend_test.TestLegacyAlerts" name="test_alerts_stats_legacy" time="0.056" /><testcase classname="tests.backend_test.TestDataSources" name="test_unauth" time="0.124" /><testcase classname="tests.backend_test.TestDataSources" name="test_types_catalog" time="0.128" /><testcase classname="tests.backend_test.TestDataSources" name="test_list_seeded_six" time="0.054" /><testcase classname="tests.backend_test.TestDataSources" name="test_filter_by_type_satellite" time="0.049" /><testcase classname="tests.backend_test.TestDataSources" name="test_filter_by_status_paused" time="0.050" /><testcase classname="tests.backend_test.TestDataSources" name="test_get_404" time="0.052" /><testcase classname="tests.backend_test.TestDataSources" name="test_create_invalid_type_422" time="0.049" /><testcase classname="tests.backend_test.TestDataSources" name="test_create_get_update_delete_and_duplicate" time="1.398" /><testcase classname="tests.backend_test.TestEventSourceIntegration" name="test_seeded_events_reference_real_data_sources" time="0.098" /><testcase classname="tests.backend_test.TestEventSourceIntegration" name="test_filter_events_by_source_id" time="0.157" /><testcase classname="tests.backend_test.TestEventSourceIntegration" name="test_post_event_with_real_source_id_returns_source_name" time="0.149" /><testcase classname="tests.backend_test.TestEventSourceIntegration" name="test_legacy_alerts_source_is_data_source_name" time="0.104" /><testcase classname="tests.backend_test.TestModules" name="test_list_modules" time="0.145" /><testcase classname="tests.backend_test.TestModules" name="test_get_nonexistent" time="0.114" /><testcase classname="tests.backend_test.TestDatetimeRefactor" name="test_events_detected_at_tz_aware" time="0.051" /><testcase classname="tests.backend_test.TestDatetimeRefactor" name="test_single_event_detected_at_tz_aware" time="0.105" /><testcase classname="tests.backend_test.TestDatetimeRefactor" name="test_data_sources_timestamps_tz_aware" time="0.052" /><testcase classname="tests.backend_test.TestDatetimeRefactor" name="test_notifications_created_at_tz_aware" time="0.051" /><testcase classname="tests.backend_test.TestDatetimeRefactor" name="test_auth_me_created_at_tz_aware" time="0.047" /><testcase classname="tests.backend_test.TestDatetimeRefactor" name="test_legacy_alerts_detected_at_tz_aware" time="0.052" /><testcase classname="tests.backend_test.TestDatetimeRefactor" name="test_events_sorted_desc" time="0.053" /><testcase classname="tests.backend_test.TestEventsRecent" name="test_unauth" time="0.133" /><testcase classname="tests.backend_test.TestEventsRecent" name="test_default_days_7" time="0.052" /><testcase classname="tests.backend_test.TestEventsRecent" name="test_days_30_returns_more_or_equal" time="0.100" /><testcase classname="tests.backend_test.TestEventsRecent" name="test_days_zero_rejected_422" time="0.049" /><testcase classname="tests.backend_test.TestEventsRecent" name="test_days_too_large_rejected_422" time="0.048" /><testcase classname="tests.backend_test.TestEventsRange" name="test_unauth" time="0.122" /><testcase classname="tests.backend_test.TestEventsRange" name="test_range_returns_events_within_inclusive_interval" time="0.052" /><testcase classname="tests.backend_test.TestEventsRange" name="test_range_accepts_plus_00_00_format" time="0.054" /><testcase classname="tests.backend_test.TestEventsRange" name="test_range_accepts_z_format" time="0.059" /><testcase classname="tests.backend_test.TestEventsRange" name="test_range_start_after_end_returns_400" time="0.055" /><testcase classname="tests.backend_test.TestRouteOrdering" name="test_recent_not_treated_as_id" time="0.058" /><testcase classname="tests.backend_test.TestRouteOrdering" name="test_range_not_treated_as_id" time="0.050" /><testcase classname="tests.backend_test.TestRouteOrdering" name="test_stats_not_treated_as_id" time="0.053" /><testcase classname="tests.backend_test.TestRouteOrdering" name="test_event_types_not_treated_as_id" time="0.189" /><testcase classname="tests.backend_test.TestEventDatetimeRoundTrip" name="test_create_with_detected_at_and_round_trip" time="0.256" /><testcase classname="tests.backend_test.TestGeoSpatialResponseShape" name="test_list_events_includes_geojson_location" time="0.059" /><testcase classname="tests.backend_test.TestGeoSpatialResponseShape" name="test_get_single_event_includes_location" time="0.114" /><testcase classname="tests.backend_test.TestGeoSpatial2dsphereIndex" name="test_nearby_works_implying_2dsphere_index_exists" time="0.052" /><testcase classname="tests.backend_test.TestEventsNearby" name="test_nearby_amazon_500km" time="0.052" /><testcase classname="tests.backend_test.TestEventsNearby" name="test_nearby_sorted_by_distance_asc" time="0.053" /><testcase classname="tests.backend_test.TestEventsNearby" name="test_nearby_tighter_radius_returns_fewer" time="0.105" /><testcase classname="tests.backend_test.TestEventsNearby" name="test_nearby_invalid_latitude" time="0.051" /><testcase classname="tests.backend_test.TestEventsNearby" name="test_nearby_invalid_longitude" time="0.048" /><testcase classname="tests.backend_test.TestEventsNearby" name="test_nearby_radius_zero_invalid" time="0.049" /><testcase classname="tests.backend_test.TestEventsNearby" name="test_nearby_radius_too_large_invalid" time="0.049" /><testcase classname="tests.backend_test.TestEventsNearby" name="test_nearby_requires_auth" time="0.119" /><testcase classname="tests.backend_test.TestEventsBbox" name="test_bbox_south_america" time="0.053" /><testcase classname="tests.backend_test.TestEventsBbox" name="test_bbox_se_asia" time="0.051" /><testcase classname="tests.backend_test.TestEventsBbox" name="test_bbox_sorted_by_detected_at_desc" time="0.051" /><testcase classname="tests.backend_test.TestEventsBbox" name="test_bbox_invalid_lat_order" time="0.050" /><testcase classname="tests.backend_test.TestEventsBbox" name="test_bbox_invalid_lng_order" time="0.048" /><testcase classname="tests.backend_test.TestEventsBbox" name="test_bbox_requires_auth" time="0.181" /><testcase classname="tests.backend_test.TestEventLocationSync" name="test_create_event_syncs_location" time="0.150" /><testcase classname="tests.backend_test.TestEventLocationSync" name="test_patch_latitude_only_updates_location" time="0.152" /><testcase classname="tests.backend_test.TestEventLocationSync" name="test_patch_longitude_only_updates_location" time="0.155" /><testcase classname="tests.backend_test.TestGeoRouteOrdering" name="test_nearby_not_shadowed" time="0.046" /><testcase classname="tests.backend_test.TestGeoRouteOrdering" name="test_bbox_not_shadowed" time="0.050" /><testcase classname="tests.backend_test.TestBackfillIdempotent" name="test_all_seeded_events_have_location" time="0.090" /><testcase classname="tests.test_analytics.TestModuleInfo" name="test_analytics_module_active" time="0.149" /><testcase classname="tests.test_analytics.TestAuthRequired" name="test_requires_auth[/analytics/overview]" time="0.116" /><testcase classname="tests.test_analytics.TestAuthRequired" name="test_requires_auth[/analytics/countries]" time="0.113" /><testcase classname="tests.test_analytics.TestAuthRequired" name="test_requires_auth[/analytics/event-types]" time="0.118" /><testcase classname="tests.test_analytics.TestAuthRequired" name="test_requires_auth[/analytics/severity]" time="0.116" /><testcase classname="tests.test_analytics.TestAuthRequired" name="test_requires_auth[/analytics/trends?start_date=2026-01-01T00:00:00Z&amp;end_date=2026-01-31T00:00:00Z]" time="0.140" /><testcase classname="tests.test_analytics.TestOverview" name="test_shape_and_types" time="0.457" /><testcase classname="tests.test_analytics.TestOverview" name="test_overview_invariants" time="0.110" /><testcase classname="tests.test_analytics.TestOverview" name="test_average_confidence_decimals" time="0.054" /><testcase classname="tests.test_analytics.TestByCountry" name="test_shape_sort_and_totals" time="0.116" /><testcase classname="tests.test_analytics.TestByEventType" name="test_full_taxonomy_zero_filled" time="0.103" /><testcase classname="tests.test_analytics.TestBySeverity" name="test_object_with_all_four_keys" time="0.106" /><testcase classname="tests.test_analytics.TestTrends" name="test_day_buckets_shape" time="0.059" /><testcase classname="tests.test_analytics.TestTrends" name="test_week_and_month_intervals_consistent" time="0.165" /><testcase classname="tests.test_analytics.TestTrends" name="test_invalid_interval" time="0.054" /><testcase classname="tests.test_analytics.TestTrends" name="test_invalid_range" time="0.054" /><testcase classname="tests.test_analytics.TestTrends" name="test_future_range_empty" time="0.053" /><testcase classname="tests.test_analytics.TestTrends" name="test_iso8601_z_and_offset_both_accepted" time="0.107" /><testcase classname="tests.test_analytics.TestRegressionSmoke" name="test_endpoint_200[/events]" time="0.066" /><testcase classname="tests.test_analytics.TestRegressionSmoke" name="test_endpoint_200[/events/recent]" time="0.060" /><testcase classname="tests.test_analytics.TestRegressionSmoke" name="test_endpoint_200[/events/stats]" time="0.057" /><testcase classname="tests.test_analytics.TestRegressionSmoke" name="test_endpoint_200[/data-sources]" time="0.065" /><testcase classname="tests.test_analytics.TestRegressionSmoke" name="test_endpoint_200[/notifications]" time="0.056" /><testcase classname="tests.test_analytics.TestRegressionSmoke" name="test_endpoint_200[/alerts]" time="0.058" /><testcase classname="tests.test_analytics.TestRegressionSmoke" name="test_endpoint_200[/import/status]" time="0.071" /><testcase classname="tests.test_analytics.TestRegressionSmoke" name="test_endpoint_200[/auth/me]" time="0.050" /><testcase classname="tests.test_analytics.TestRegressionSmoke" name="test_endpoint_200[/modules]" time="0.049" /><testcase classname="tests.test_ingestion.TestModuleInfo" name="test_ingestion_module_active" time="0.490" /><testcase classname="tests.test_ingestion.TestAuth" name="test_csv_upload_unauth_401" time="0.122" /><testcase classname="tests.test_ingestion.TestAuth" name="test_status_list_unauth_401" time="0.118" /><testcase classname="tests.test_ingestion.TestSuccessfulImport" name="test_happy_path_two_rows" time="0.452" /><testcase classname="tests.test_ingestion.TestSuccessfulImport" name="test_default_source_when_omitted" time="0.205" /><testcase classname="tests.test_ingestion.TestSuccessfulImport" name="test_optional_columns_defaults" time="0.267" /><testcase classname="tests.test_ingestion.TestSuccessfulImport" name="test_detected_at_plus0000_format" time="0.240" /><testcase classname="tests.test_ingestion.TestSuccessfulImport" name="test_header_case_insensitive_and_trimmed" time="0.215" /><testcase classname="tests.test_ingestion.TestSuccessfulImport" name="test_utf8_bom_handled" time="0.199" /><testcase classname="tests.test_ingestion.TestSourceSelection" name="test_explicit_source_id_used" time="0.282" /><testcase classname="tests.test_ingestion.TestSourceSelection" name="test_nonexistent_source_id_returns_404" time="0.062" /><testcase classname="tests.test_ingestion.TestValidationErrors" name="test_missing_required_columns_failed" time="0.076" /><testcase classname="tests.test_ingestion.TestValidationErrors" name="test_row_level_errors_partial" time="0.206" /><testcase classname="tests.test_ingestion.TestValidationErrors" name="test_field_bounds" time="0.067" /><testcase classname="tests.test_ingestion.TestValidationErrors" name="test_non_utf8_failed" time="0.063" /><testcase classname="tests.test_ingestion.TestValidationErrors" name="test_file_too_large_413" time="0.328" /><testcase classname="tests.test_ingestion.TestStatusEndpoints" name="test_get_status_list_newest_first" time="0.463" /><testcase classname="tests.test_ingestion.TestStatusEndpoints" name="test_get_status_limit_param" time="0.064" /><testcase classname="tests.test_ingestion.TestStatusEndpoints" name="test_get_status_by_id" time="0.259" /><testcase classname="tests.test_ingestion.TestStatusEndpoints" name="test_get_status_nonexistent_404" time="0.062" /><testcase classname="tests.test_ingestion.TestRegressionSmoke" name="test_events_listing" time="0.062" /><testcase classname="tests.test_ingestion.TestRegressionSmoke" name="test_events_recent" time="0.067" /><testcase classname="tests.test_ingestion.TestRegressionSmoke" name="test_data_sources" time="0.061" /><testcase classname="tests.test_ingestion.TestRegressionSmoke" name="test_notifications" time="0.070" /><testcase classname="tests.test_ingestion.TestRegressionSmoke" name="test_alerts_legacy" time="0.070" /><testcase classname="tests.test_ingestion.TestRegressionSmoke" name="test_auth_me" time="0.061" /></testsuite></testsuites>